<?xml version="1.0" encoding="UTF-8"?>
<!-- Generated by org.testng.reporters.JUnitReportReporter -->
<testsuite skipped="0" hostname="Arjun" name="gitTest.GitTest2" tests="1" failures="0" timestamp="04 Mar 2018 11:32:05 GMT" time="29.061" errors="0">
  <testcase name="openBrowser" time="29.061" classname="gitTest.GitTest2"/>
</testsuite> <!-- gitTest.GitTest2 -->
