<?xml version="1.0" encoding="UTF-8"?>
<!-- Generated by org.testng.reporters.JUnitReportReporter -->
<testsuite skipped="0" hostname="Arjun" name="gitTest.GitTest" tests="1" failures="0" timestamp="04 Mar 2018 11:32:05 GMT" time="22.352" errors="0">
  <testcase name="openBrowser" time="22.352" classname="gitTest.GitTest"/>
</testsuite> <!-- gitTest.GitTest -->
