<?xml version="1.0" encoding="UTF-8"?>
<!-- Generated by org.testng.reporters.JUnitReportReporter -->
<testsuite name="gitTest.GitTest" tests="1" time="19.265" ignored="0" failures="0" timestamp="04 Mar 2018 11:49:57 GMT" skipped="0" hostname="Arjun" errors="0">
  <testcase name="openBrowser" time="19.265" classname="gitTest.GitTest"/>
</testsuite> <!-- gitTest.GitTest -->
